Determining if the function ped_file_system_clobber exists failed with the following output:
Change Dir: /home/yongjae/calamares_cmb/calamares/build/CMakeFiles/CMakeTmp

Run Build Command(s):/usr/bin/make cmTC_53781/fast && /usr/bin/make -f CMakeFiles/cmTC_53781.dir/build.make CMakeFiles/cmTC_53781.dir/build
make[1]: Entering directory '/home/yongjae/calamares_cmb/calamares/build/CMakeFiles/CMakeTmp'
Building C object CMakeFiles/cmTC_53781.dir/CheckFunctionExists.c.o
/usr/bin/cc  -I/usr/include/parted  -DCHECK_FUNCTION_EXISTS=ped_file_system_clobber   -o CMakeFiles/cmTC_53781.dir/CheckFunctionExists.c.o   -c /usr/share/cmake-3.16/Modules/CheckFunctionExists.c
Linking C executable cmTC_53781
/usr/bin/cmake -E cmake_link_script CMakeFiles/cmTC_53781.dir/link.txt --verbose=1
/usr/bin/cc  -DCHECK_FUNCTION_EXISTS=ped_file_system_clobber    -rdynamic CMakeFiles/cmTC_53781.dir/CheckFunctionExists.c.o  -o cmTC_53781  /usr/lib/x86_64-linux-gnu/libparted.so /usr/lib/x86_64-linux-gnu/libparted-fs-resize.so 
/usr/bin/ld: CMakeFiles/cmTC_53781.dir/CheckFunctionExists.c.o: in function `main':
CheckFunctionExists.c:(.text+0x14): undefined reference to `ped_file_system_clobber'
collect2: error: ld returned 1 exit status
make[1]: *** [CMakeFiles/cmTC_53781.dir/build.make:89: cmTC_53781] Error 1
make[1]: Leaving directory '/home/yongjae/calamares_cmb/calamares/build/CMakeFiles/CMakeTmp'
make: *** [Makefile:121: cmTC_53781/fast] Error 2



Determining if the function ped_file_system_resize exists failed with the following output:
Change Dir: /home/yongjae/calamares_cmb/calamares/build/CMakeFiles/CMakeTmp

Run Build Command(s):/usr/bin/make cmTC_3b6c7/fast && /usr/bin/make -f CMakeFiles/cmTC_3b6c7.dir/build.make CMakeFiles/cmTC_3b6c7.dir/build
make[1]: Entering directory '/home/yongjae/calamares_cmb/calamares/build/CMakeFiles/CMakeTmp'
Building C object CMakeFiles/cmTC_3b6c7.dir/CheckFunctionExists.c.o
/usr/bin/cc  -I/usr/include/parted  -DCHECK_FUNCTION_EXISTS=ped_file_system_resize   -o CMakeFiles/cmTC_3b6c7.dir/CheckFunctionExists.c.o   -c /usr/share/cmake-3.16/Modules/CheckFunctionExists.c
Linking C executable cmTC_3b6c7
/usr/bin/cmake -E cmake_link_script CMakeFiles/cmTC_3b6c7.dir/link.txt --verbose=1
/usr/bin/cc  -DCHECK_FUNCTION_EXISTS=ped_file_system_resize    -rdynamic CMakeFiles/cmTC_3b6c7.dir/CheckFunctionExists.c.o  -o cmTC_3b6c7  /usr/lib/x86_64-linux-gnu/libparted.so /usr/lib/x86_64-linux-gnu/libparted-fs-resize.so 
/usr/bin/ld: /usr/lib/x86_64-linux-gnu/libparted-fs-resize.so: undefined reference to `ped_geometry_sync_fast'
/usr/bin/ld: /usr/lib/x86_64-linux-gnu/libparted-fs-resize.so: undefined reference to `ped_timer_destroy_nested'
/usr/bin/ld: /usr/lib/x86_64-linux-gnu/libparted-fs-resize.so: undefined reference to `ped_exception_throw'
/usr/bin/ld: /usr/lib/x86_64-linux-gnu/libparted-fs-resize.so: undefined reference to `ped_geometry_new'
/usr/bin/ld: /usr/lib/x86_64-linux-gnu/libparted-fs-resize.so: undefined reference to `ped_assert'
/usr/bin/ld: /usr/lib/x86_64-linux-gnu/libparted-fs-resize.so: undefined reference to `ped_geometry_init'
/usr/bin/ld: /usr/lib/x86_64-linux-gnu/libparted-fs-resize.so: undefined reference to `ped_timer_set_state_name'
/usr/bin/ld: /usr/lib/x86_64-linux-gnu/libparted-fs-resize.so: undefined reference to `ped_geometry_read'
/usr/bin/ld: /usr/lib/x86_64-linux-gnu/libparted-fs-resize.so: undefined reference to `ped_file_system_probe_specific'
/usr/bin/ld: /usr/lib/x86_64-linux-gnu/libparted-fs-resize.so: undefined reference to `ped_geometry_test_sector_inside'
/usr/bin/ld: /usr/lib/x86_64-linux-gnu/libparted-fs-resize.so: undefined reference to `ped_geometry_read_alloc'
/usr/bin/ld: /usr/lib/x86_64-linux-gnu/libparted-fs-resize.so: undefined reference to `ped_exception_leave_all'
/usr/bin/ld: /usr/lib/x86_64-linux-gnu/libparted-fs-resize.so: undefined reference to `ped_timer_update'
/usr/bin/ld: /usr/lib/x86_64-linux-gnu/libparted-fs-resize.so: undefined reference to `ped_device_open'
/usr/bin/ld: /usr/lib/x86_64-linux-gnu/libparted-fs-resize.so: undefined reference to `uuid_generate'
/usr/bin/ld: /usr/lib/x86_64-linux-gnu/libparted-fs-resize.so: undefined reference to `ped_constraint_new'
/usr/bin/ld: /usr/lib/x86_64-linux-gnu/libparted-fs-resize.so: undefined reference to `ped_malloc'
/usr/bin/ld: /usr/lib/x86_64-linux-gnu/libparted-fs-resize.so: undefined reference to `ped_geometry_set'
/usr/bin/ld: /usr/lib/x86_64-linux-gnu/libparted-fs-resize.so: undefined reference to `ped_geometry_destroy'
/usr/bin/ld: /usr/lib/x86_64-linux-gnu/libparted-fs-resize.so: undefined reference to `ped_geometry_duplicate'
/usr/bin/ld: /usr/lib/x86_64-linux-gnu/libparted-fs-resize.so: undefined reference to `ped_geometry_write'
/usr/bin/ld: /usr/lib/x86_64-linux-gnu/libparted-fs-resize.so: undefined reference to `ped_unit_format'
/usr/bin/ld: /usr/lib/x86_64-linux-gnu/libparted-fs-resize.so: undefined reference to `ped_geometry_sync'
/usr/bin/ld: /usr/lib/x86_64-linux-gnu/libparted-fs-resize.so: undefined reference to `ped_file_system_probe'
/usr/bin/ld: /usr/lib/x86_64-linux-gnu/libparted-fs-resize.so: undefined reference to `ptt_geom_clear_sectors'
/usr/bin/ld: /usr/lib/x86_64-linux-gnu/libparted-fs-resize.so: undefined reference to `ped_alignment_any'
/usr/bin/ld: /usr/lib/x86_64-linux-gnu/libparted-fs-resize.so: undefined reference to `ped_device_close'
/usr/bin/ld: /usr/lib/x86_64-linux-gnu/libparted-fs-resize.so: undefined reference to `ped_geometry_map'
/usr/bin/ld: /usr/lib/x86_64-linux-gnu/libparted-fs-resize.so: undefined reference to `ped_exception_fetch_all'
/usr/bin/ld: /usr/lib/x86_64-linux-gnu/libparted-fs-resize.so: undefined reference to `ped_geometry_test_equal'
/usr/bin/ld: /usr/lib/x86_64-linux-gnu/libparted-fs-resize.so: undefined reference to `ped_geometry_test_overlap'
/usr/bin/ld: /usr/lib/x86_64-linux-gnu/libparted-fs-resize.so: undefined reference to `ped_geometry_set_end'
/usr/bin/ld: /usr/lib/x86_64-linux-gnu/libparted-fs-resize.so: undefined reference to `ped_alignment_init'
/usr/bin/ld: /usr/lib/x86_64-linux-gnu/libparted-fs-resize.so: undefined reference to `ped_exception_catch'
/usr/bin/ld: /usr/lib/x86_64-linux-gnu/libparted-fs-resize.so: undefined reference to `ped_timer_reset'
/usr/bin/ld: /usr/lib/x86_64-linux-gnu/libparted-fs-resize.so: undefined reference to `fat16_type'
/usr/bin/ld: /usr/lib/x86_64-linux-gnu/libparted-fs-resize.so: undefined reference to `fat32_type'
/usr/bin/ld: /usr/lib/x86_64-linux-gnu/libparted-fs-resize.so: undefined reference to `ped_geometry_test_inside'
/usr/bin/ld: /usr/lib/x86_64-linux-gnu/libparted-fs-resize.so: undefined reference to `ped_timer_new_nested'
collect2: error: ld returned 1 exit status
make[1]: *** [CMakeFiles/cmTC_3b6c7.dir/build.make:89: cmTC_3b6c7] Error 1
make[1]: Leaving directory '/home/yongjae/calamares_cmb/calamares/build/CMakeFiles/CMakeTmp'
make: *** [Makefile:121: cmTC_3b6c7/fast] Error 2



